<?xml version="1.0" encoding="UTF-8"?>
<testng-results skipped="0" failed="0" ignored="0" total="1" passed="1">
  <reporter-output>
  </reporter-output>
  <suite name="Default suite" duration-ms="35098" started-at="2018-12-29T17:35:26Z" finished-at="2018-12-29T17:36:01Z">
    <groups>
    </groups>
    <test name="Default test" duration-ms="35098" started-at="2018-12-29T17:35:26Z" finished-at="2018-12-29T17:36:01Z">
      <class name="Capturing_Screenshot_PDF">
        <test-method status="PASS" signature="capturescreenshot_PDF()[pri:0, instance:Capturing_Screenshot_PDF@d8355a8]" name="capturescreenshot_PDF" duration-ms="35049" started-at="2018-12-29T17:35:26Z" finished-at="2018-12-29T17:36:01Z">
          <reporter-output>
          </reporter-output>
        </test-method> <!-- capturescreenshot_PDF -->
      </class> <!-- Capturing_Screenshot_PDF -->
    </test> <!-- Default test -->
  </suite> <!-- Default suite -->
</testng-results>
